Change Component Designator: OldDesignator=J4 NewDesignator=PORT_1
Change Component Designator: OldDesignator=J5 NewDesignator=PORT_4
Change Component Designator: OldDesignator=J6 NewDesignator=PORT_2
Change Component Designator: OldDesignator=J7 NewDesignator=PORT_5
Change Component Designator: OldDesignator=J8 NewDesignator=PORT_3
Change Component Designator: OldDesignator=J9 NewDesignator=PORT_6
Change Component Designator: OldDesignator=J10 NewDesignator=OUT
Change Component Designator: OldDesignator=LED2 NewDesignator=P5
Change Component Designator: OldDesignator=LED3 NewDesignator=P4
Change Component Designator: OldDesignator=LED4 NewDesignator=P3
Change Component Designator: OldDesignator=LED5 NewDesignator=P2
Change Component Designator: OldDesignator=LED6 NewDesignator=P1
Change Component Designator: OldDesignator=LED7 NewDesignator=SPI
Change Component Designator: OldDesignator=LED8 NewDesignator=DB
Change Component Designator: OldDesignator=LED9 NewDesignator=P6
Change Component Designator: OldDesignator=LED10 NewDesignator=P_out
Change Component Designator: OldDesignator=LED11 NewDesignator=SPI
Change Component Designator: OldDesignator=LED12 NewDesignator=DB
Change Component Designator: OldDesignator=LED13 NewDesignator=RXD
Change Component Designator: OldDesignator=LED14 NewDesignator=RXD
Change Component Designator: OldDesignator=LED15 NewDesignator=TXD
Change Component Designator: OldDesignator=LED16 NewDesignator=TXD
Change Component Designator: OldDesignator=LED17 NewDesignator=RXD
Change Component Designator: OldDesignator=LED18 NewDesignator=RXD
Change Component Designator: OldDesignator=LED19 NewDesignator=TXD
Change Component Designator: OldDesignator=LED20 NewDesignator=TXD
Change Component Designator: OldDesignator=LED21 NewDesignator=RXD
Change Component Designator: OldDesignator=LED22 NewDesignator=RXD
Change Component Designator: OldDesignator=LED23 NewDesignator=TXD
Change Component Designator: OldDesignator=LED24 NewDesignator=TXD
Change Component Designator: OldDesignator=LED25 NewDesignator=RXD
Change Component Designator: OldDesignator=LED26 NewDesignator=TXD
